  app.cpp
  Level.cpp
C:\Program Files\Microsoft Visual Studio\2022\Community\VC\Tools\MSVC\14.38.33130\include\filesystem(12): warning STL4038: The contents of <filesystem> are available only with C++17 or later.
C:\Users\Roxane\Documents\GitHub\API-Ubisoft\DAU_2023_Programming_API\GameTest\Level.cpp(30,12): warning C4244: 'argument' : conversion de 'time_t' en 'unsigned int', perte possible de données
  (compiler le fichier source '/Level.cpp')
  
C:\Users\Roxane\Documents\GitHub\API-Ubisoft\DAU_2023_Programming_API\GameTest\Level.cpp(32,32): error C3083: 'filesystem' : le symbole situé à gauche de '::' doit être un type
  (compiler le fichier source '/Level.cpp')
  
C:\Users\Roxane\Documents\GitHub\API-Ubisoft\DAU_2023_Programming_API\GameTest\Level.cpp(32,44): error C2039: 'directory_iterator' n'est pas membre de 'std'
  (compiler le fichier source '/Level.cpp')
  C:\Program Files\Microsoft Visual Studio\2022\Community\VC\Tools\MSVC\14.38.33130\include\fstream(20,1):
  voir la déclaration de 'std'
  
C:\Users\Roxane\Documents\GitHub\API-Ubisoft\DAU_2023_Programming_API\GameTest\Level.cpp(32,2): error C2530: 'entry' : les références doivent être initialisées
  (compiler le fichier source '/Level.cpp')
  
C:\Users\Roxane\Documents\GitHub\API-Ubisoft\DAU_2023_Programming_API\GameTest\Level.cpp(32,2): error C3531: 'entry' : un symbole dont le type contient 'auto' doit avoir un initialiseur
  (compiler le fichier source '/Level.cpp')
  
C:\Users\Roxane\Documents\GitHub\API-Ubisoft\DAU_2023_Programming_API\GameTest\Level.cpp(32,25): error C2143: erreur de syntaxe : absence de ';' avant ':'
  (compiler le fichier source '/Level.cpp')
  
C:\Users\Roxane\Documents\GitHub\API-Ubisoft\DAU_2023_Programming_API\GameTest\Level.cpp(32,32): error C2039: 'filesystem' n'est pas membre de 'std'
  (compiler le fichier source '/Level.cpp')
  C:\Program Files\Microsoft Visual Studio\2022\Community\VC\Tools\MSVC\14.38.33130\include\fstream(20,1):
  voir la déclaration de 'std'
  
C:\Users\Roxane\Documents\GitHub\API-Ubisoft\DAU_2023_Programming_API\GameTest\Level.cpp(32,44): error C3861: 'directory_iterator' : identificateur introuvable
  (compiler le fichier source '/Level.cpp')
  
C:\Users\Roxane\Documents\GitHub\API-Ubisoft\DAU_2023_Programming_API\GameTest\Level.cpp(32,72): error C2143: erreur de syntaxe : absence de ';' avant ')'
  (compiler le fichier source '/Level.cpp')
  
C:\Users\Roxane\Documents\GitHub\API-Ubisoft\DAU_2023_Programming_API\GameTest\Level.cpp(93,32): error C3083: 'filesystem' : le symbole situé à gauche de '::' doit être un type
  (compiler le fichier source '/Level.cpp')
  
C:\Users\Roxane\Documents\GitHub\API-Ubisoft\DAU_2023_Programming_API\GameTest\Level.cpp(93,44): error C2039: 'directory_iterator' n'est pas membre de 'std'
  (compiler le fichier source '/Level.cpp')
  C:\Program Files\Microsoft Visual Studio\2022\Community\VC\Tools\MSVC\14.38.33130\include\fstream(20,1):
  voir la déclaration de 'std'
  
C:\Users\Roxane\Documents\GitHub\API-Ubisoft\DAU_2023_Programming_API\GameTest\Level.cpp(93,2): error C2530: 'entry' : les références doivent être initialisées
  (compiler le fichier source '/Level.cpp')
  
C:\Users\Roxane\Documents\GitHub\API-Ubisoft\DAU_2023_Programming_API\GameTest\Level.cpp(93,2): error C3531: 'entry' : un symbole dont le type contient 'auto' doit avoir un initialiseur
  (compiler le fichier source '/Level.cpp')
  
C:\Users\Roxane\Documents\GitHub\API-Ubisoft\DAU_2023_Programming_API\GameTest\Level.cpp(93,25): error C2143: erreur de syntaxe : absence de ';' avant ':'
  (compiler le fichier source '/Level.cpp')
  
C:\Users\Roxane\Documents\GitHub\API-Ubisoft\DAU_2023_Programming_API\GameTest\Level.cpp(93,32): error C2039: 'filesystem' n'est pas membre de 'std'
  (compiler le fichier source '/Level.cpp')
  C:\Program Files\Microsoft Visual Studio\2022\Community\VC\Tools\MSVC\14.38.33130\include\fstream(20,1):
  voir la déclaration de 'std'
  
C:\Users\Roxane\Documents\GitHub\API-Ubisoft\DAU_2023_Programming_API\GameTest\Level.cpp(93,44): error C3861: 'directory_iterator' : identificateur introuvable
  (compiler le fichier source '/Level.cpp')
  
C:\Users\Roxane\Documents\GitHub\API-Ubisoft\DAU_2023_Programming_API\GameTest\Level.cpp(93,75): error C2143: erreur de syntaxe : absence de ';' avant ')'
  (compiler le fichier source '/Level.cpp')
  
C:\Users\Roxane\Documents\GitHub\API-Ubisoft\DAU_2023_Programming_API\GameTest\Level.cpp(119,32): error C3083: 'filesystem' : le symbole situé à gauche de '::' doit être un type
  (compiler le fichier source '/Level.cpp')
  
C:\Users\Roxane\Documents\GitHub\API-Ubisoft\DAU_2023_Programming_API\GameTest\Level.cpp(119,44): error C2039: 'directory_iterator' n'est pas membre de 'std'
  (compiler le fichier source '/Level.cpp')
  C:\Program Files\Microsoft Visual Studio\2022\Community\VC\Tools\MSVC\14.38.33130\include\fstream(20,1):
  voir la déclaration de 'std'
  
C:\Users\Roxane\Documents\GitHub\API-Ubisoft\DAU_2023_Programming_API\GameTest\Level.cpp(119,2): error C2530: 'entry' : les références doivent être initialisées
  (compiler le fichier source '/Level.cpp')
  
C:\Users\Roxane\Documents\GitHub\API-Ubisoft\DAU_2023_Programming_API\GameTest\Level.cpp(119,2): error C3531: 'entry' : un symbole dont le type contient 'auto' doit avoir un initialiseur
  (compiler le fichier source '/Level.cpp')
  
C:\Users\Roxane\Documents\GitHub\API-Ubisoft\DAU_2023_Programming_API\GameTest\Level.cpp(119,25): error C2143: erreur de syntaxe : absence de ';' avant ':'
  (compiler le fichier source '/Level.cpp')
  
C:\Users\Roxane\Documents\GitHub\API-Ubisoft\DAU_2023_Programming_API\GameTest\Level.cpp(119,32): error C2039: 'filesystem' n'est pas membre de 'std'
  (compiler le fichier source '/Level.cpp')
  C:\Program Files\Microsoft Visual Studio\2022\Community\VC\Tools\MSVC\14.38.33130\include\fstream(20,1):
  voir la déclaration de 'std'
  
C:\Users\Roxane\Documents\GitHub\API-Ubisoft\DAU_2023_Programming_API\GameTest\Level.cpp(119,44): error C3861: 'directory_iterator' : identificateur introuvable
  (compiler le fichier source '/Level.cpp')
  
C:\Users\Roxane\Documents\GitHub\API-Ubisoft\DAU_2023_Programming_API\GameTest\Level.cpp(119,75): error C2143: erreur de syntaxe : absence de ';' avant ')'
  (compiler le fichier source '/Level.cpp')
  
C:\Users\Roxane\Documents\GitHub\API-Ubisoft\DAU_2023_Programming_API\GameTest\Level.cpp(124,9): error C2039: 'filesystem' n'est pas membre de 'std'
  (compiler le fichier source '/Level.cpp')
  C:\Program Files\Microsoft Visual Studio\2022\Community\VC\Tools\MSVC\14.38.33130\include\fstream(20,1):
  voir la déclaration de 'std'
  
C:\Users\Roxane\Documents\GitHub\API-Ubisoft\DAU_2023_Programming_API\GameTest\Level.cpp(124,9): error C3083: 'filesystem' : le symbole situé à gauche de '::' doit être un type
  (compiler le fichier source '/Level.cpp')
  
C:\Users\Roxane\Documents\GitHub\API-Ubisoft\DAU_2023_Programming_API\GameTest\Level.cpp(124,21): error C2039: 'path' n'est pas membre de 'std'
  (compiler le fichier source '/Level.cpp')
  C:\Program Files\Microsoft Visual Studio\2022\Community\VC\Tools\MSVC\14.38.33130\include\fstream(20,1):
  voir la déclaration de 'std'
  
C:\Users\Roxane\Documents\GitHub\API-Ubisoft\DAU_2023_Programming_API\GameTest\Level.cpp(124,21): error C2065: 'path' : identificateur non déclaré
  (compiler le fichier source '/Level.cpp')
  
C:\Users\Roxane\Documents\GitHub\API-Ubisoft\DAU_2023_Programming_API\GameTest\Level.cpp(124,26): error C2146: erreur de syntaxe : absence de ';' avant l'identificateur 'fileExt'
  (compiler le fichier source '/Level.cpp')
  
C:\Users\Roxane\Documents\GitHub\API-Ubisoft\DAU_2023_Programming_API\GameTest\Level.cpp(124,26): error C2065: 'fileExt' : identificateur non déclaré
  (compiler le fichier source '/Level.cpp')
  
C:\Users\Roxane\Documents\GitHub\API-Ubisoft\DAU_2023_Programming_API\GameTest\Level.cpp(125,8): error C2065: 'fileExt' : identificateur non déclaré
  (compiler le fichier source '/Level.cpp')
  
C:\Users\Roxane\Documents\GitHub\API-Ubisoft\DAU_2023_Programming_API\GameTest\Level.cpp(125,24): error C2039: 'filesystem' n'est pas membre de 'std'
  (compiler le fichier source '/Level.cpp')
  C:\Program Files\Microsoft Visual Studio\2022\Community\VC\Tools\MSVC\14.38.33130\include\fstream(20,1):
  voir la déclaration de 'std'
  
C:\Users\Roxane\Documents\GitHub\API-Ubisoft\DAU_2023_Programming_API\GameTest\Level.cpp(125,24): error C3083: 'filesystem' : le symbole situé à gauche de '::' doit être un type
  (compiler le fichier source '/Level.cpp')
  
C:\Users\Roxane\Documents\GitHub\API-Ubisoft\DAU_2023_Programming_API\GameTest\Level.cpp(125,36): error C2039: 'path' n'est pas membre de 'std'
  (compiler le fichier source '/Level.cpp')
  C:\Program Files\Microsoft Visual Studio\2022\Community\VC\Tools\MSVC\14.38.33130\include\fstream(20,1):
  voir la déclaration de 'std'
  
C:\Users\Roxane\Documents\GitHub\API-Ubisoft\DAU_2023_Programming_API\GameTest\Level.cpp(125,36): error C3861: 'path' : identificateur introuvable
  (compiler le fichier source '/Level.cpp')
  
C:\Users\Roxane\Documents\GitHub\API-Ubisoft\DAU_2023_Programming_API\GameTest\Level.cpp(143,12): warning C4244: 'argument' : conversion de 'time_t' en 'unsigned int', perte possible de données
  (compiler le fichier source '/Level.cpp')
  
C:\Users\Roxane\Documents\GitHub\API-Ubisoft\DAU_2023_Programming_API\GameTest\Level.cpp(162,55): warning C4244: 'argument' : conversion de 'int' en 'float', perte possible de données
  (compiler le fichier source '/Level.cpp')
  
  Vector2.cpp
  MapManager.cpp
C:\Program Files\Microsoft Visual Studio\2022\Community\VC\Tools\MSVC\14.38.33130\include\filesystem(12): warning STL4038: The contents of <filesystem> are available only with C++17 or later.
C:\Users\Roxane\Documents\GitHub\API-Ubisoft\DAU_2023_Programming_API\GameTest\MapManager.cpp(50,32): error C3083: 'filesystem' : le symbole situé à gauche de '::' doit être un type
  (compiler le fichier source '/MapManager.cpp')
  
C:\Users\Roxane\Documents\GitHub\API-Ubisoft\DAU_2023_Programming_API\GameTest\MapManager.cpp(50,44): error C2039: 'directory_iterator' n'est pas membre de 'std'
  (compiler le fichier source '/MapManager.cpp')
  C:\Program Files\Microsoft Visual Studio\2022\Community\VC\Tools\MSVC\14.38.33130\include\fstream(20,1):
  voir la déclaration de 'std'
  
C:\Users\Roxane\Documents\GitHub\API-Ubisoft\DAU_2023_Programming_API\GameTest\MapManager.cpp(50,2): error C2530: 'entry' : les références doivent être initialisées
  (compiler le fichier source '/MapManager.cpp')
  
C:\Users\Roxane\Documents\GitHub\API-Ubisoft\DAU_2023_Programming_API\GameTest\MapManager.cpp(50,2): error C3531: 'entry' : un symbole dont le type contient 'auto' doit avoir un initialiseur
  (compiler le fichier source '/MapManager.cpp')
  
C:\Users\Roxane\Documents\GitHub\API-Ubisoft\DAU_2023_Programming_API\GameTest\MapManager.cpp(50,25): error C2143: erreur de syntaxe : absence de ';' avant ':'
  (compiler le fichier source '/MapManager.cpp')
  
C:\Users\Roxane\Documents\GitHub\API-Ubisoft\DAU_2023_Programming_API\GameTest\MapManager.cpp(50,32): error C2039: 'filesystem' n'est pas membre de 'std'
  (compiler le fichier source '/MapManager.cpp')
  C:\Program Files\Microsoft Visual Studio\2022\Community\VC\Tools\MSVC\14.38.33130\include\fstream(20,1):
  voir la déclaration de 'std'
  
C:\Users\Roxane\Documents\GitHub\API-Ubisoft\DAU_2023_Programming_API\GameTest\MapManager.cpp(50,44): error C3861: 'directory_iterator' : identificateur introuvable
  (compiler le fichier source '/MapManager.cpp')
  
C:\Users\Roxane\Documents\GitHub\API-Ubisoft\DAU_2023_Programming_API\GameTest\MapManager.cpp(50,72): error C2143: erreur de syntaxe : absence de ';' avant ')'
  (compiler le fichier source '/MapManager.cpp')
  
C:\Users\Roxane\Documents\GitHub\API-Ubisoft\DAU_2023_Programming_API\GameTest\MapManager.cpp(85,12): warning C4244: 'argument' : conversion de 'time_t' en 'unsigned int', perte possible de données
  (compiler le fichier source '/MapManager.cpp')
  
  stb_image.cpp
  VisualSprite.cpp
C:\Program Files\Microsoft Visual Studio\2022\Community\VC\Tools\MSVC\14.38.33130\include\filesystem(12): warning STL4038: The contents of <filesystem> are available only with C++17 or later.
C:\Users\Roxane\Documents\GitHub\API-Ubisoft\DAU_2023_Programming_API\GameTest\VisualSprite.cpp(15,12): error C2039: 'filesystem' n'est pas membre de 'std'
  (compiler le fichier source '/VisualSprite.cpp')
  C:\Program Files\Microsoft Visual Studio\2022\Community\VC\Tools\MSVC\14.38.33130\include\iostream(18,1):
  voir la déclaration de 'std'
  
C:\Users\Roxane\Documents\GitHub\API-Ubisoft\DAU_2023_Programming_API\GameTest\VisualSprite.cpp(15,12): error C3083: 'filesystem' : le symbole situé à gauche de '::' doit être un type
  (compiler le fichier source '/VisualSprite.cpp')
  
C:\Users\Roxane\Documents\GitHub\API-Ubisoft\DAU_2023_Programming_API\GameTest\VisualSprite.cpp(15,24): error C2039: 'exists' n'est pas membre de 'std'
  (compiler le fichier source '/VisualSprite.cpp')
  C:\Program Files\Microsoft Visual Studio\2022\Community\VC\Tools\MSVC\14.38.33130\include\iostream(18,1):
  voir la déclaration de 'std'
  
C:\Users\Roxane\Documents\GitHub\API-Ubisoft\DAU_2023_Programming_API\GameTest\VisualSprite.cpp(15,24): error C3861: 'exists' : identificateur introuvable
  (compiler le fichier source '/VisualSprite.cpp')
  
C:\Users\Roxane\Documents\GitHub\API-Ubisoft\DAU_2023_Programming_API\GameTest\VisualSprite.cpp(16,12): error C2039: 'filesystem' n'est pas membre de 'std'
  (compiler le fichier source '/VisualSprite.cpp')
  C:\Program Files\Microsoft Visual Studio\2022\Community\VC\Tools\MSVC\14.38.33130\include\iostream(18,1):
  voir la déclaration de 'std'
  
C:\Users\Roxane\Documents\GitHub\API-Ubisoft\DAU_2023_Programming_API\GameTest\VisualSprite.cpp(16,12): error C3083: 'filesystem' : le symbole situé à gauche de '::' doit être un type
  (compiler le fichier source '/VisualSprite.cpp')
  
C:\Users\Roxane\Documents\GitHub\API-Ubisoft\DAU_2023_Programming_API\GameTest\VisualSprite.cpp(16,24): error C2039: 'is_regular_file' n'est pas membre de 'std'
  (compiler le fichier source '/VisualSprite.cpp')
  C:\Program Files\Microsoft Visual Studio\2022\Community\VC\Tools\MSVC\14.38.33130\include\iostream(18,1):
  voir la déclaration de 'std'
  
C:\Users\Roxane\Documents\GitHub\API-Ubisoft\DAU_2023_Programming_API\GameTest\VisualSprite.cpp(16,24): error C3861: 'is_regular_file' : identificateur introuvable
  (compiler le fichier source '/VisualSprite.cpp')
  
C:\Users\Roxane\Documents\GitHub\API-Ubisoft\DAU_2023_Programming_API\GameTest\VisualSprite.cpp(102,27): warning C4244: 'argument' : conversion de 'double' en 'float', perte possible de données
  (compiler le fichier source '/VisualSprite.cpp')
  
